==============================================================================
Suites                                                                        
==============================================================================
Suites.DataDriven CSV                                                         
==============================================================================
Verify Login Fails with Invalid Creds                                 | PASS |
------------------------------------------------------------------------------
Verify Login Fails with Invalid Creds                                 | PASS |
------------------------------------------------------------------------------
Verify Login Fails with Invalid Creds                                 | PASS |
------------------------------------------------------------------------------
Verify Login Fails with Invalid Creds                                 | PASS |
------------------------------------------------------------------------------
Verify Login Fails with Invalid Creds                                 | PASS |
------------------------------------------------------------------------------
Verify Login Fails with Invalid Creds                                 | PASS |
------------------------------------------------------------------------------
Suites.DataDriven CSV                                                 | PASS |
6 tests, 6 passed, 0 failed
==============================================================================
Suites                                                                | PASS |
6 tests, 6 passed, 0 failed
==============================================================================
Output:  D:\Code Files\Python\RobotFramworkTute\pabot_results\0\output.xml
