==============================================================================
Suites                                                                        
==============================================================================
Suites.DataDriven builtin                                                     
==============================================================================
Verify Login fails - Blank Username and Password                      | PASS |
------------------------------------------------------------------------------
Verify Login fails - Blank Password                                   | PASS |
------------------------------------------------------------------------------
Verify Login fails - Wrong Username and Password                      | PASS |
------------------------------------------------------------------------------
Verify Login fails - Wrong Password                                   | PASS |
------------------------------------------------------------------------------
Verify Login fails - LockedOut User                                   | PASS |
------------------------------------------------------------------------------
Verify Login fails - Wrong Username                                   | PASS |
------------------------------------------------------------------------------
Suites.DataDriven builtin                                             | PASS |
6 tests, 6 passed, 0 failed
==============================================================================
Suites                                                                | PASS |
6 tests, 6 passed, 0 failed
==============================================================================
Output:  D:\Code Files\Python\RobotFramworkTute\pabot_results\1\output.xml
